rustdesk/rustdesk|1.4.4|2025-12-20
localsend/localsend|v1.17.0|2025-12-20
p-lider/WuaCpuFix|Version_0.1.4|2025-12-20
sysprogs/WinCDEmu|v4.1|2025-12-20
ip7z/7zip|25.01|2025-12-20
ModuleArt/quick-picture-viewer|v3.1.4|2025-12-20
notepad-plus-plus/notepad-plus-plus|v8.8.9|2025-12-20
namazso/OpenHashTab|3.1.1|2025-12-20
agalwood/Motrix|v1.8.19|2025-12-20
WEB-SMART|vlc-3.0.21-win64.exe|2025-12-20
WEB-SMART|vlc-3.0.21-win32.exe|2025-12-20
WEB-SMART|tsetup-x64.6.3.9.exe|2025-12-20
WEB-SMART|tsetup.6.3.9.exe|2025-12-20
WEB-SMART|EpicInstaller-19.0.0.msi|2025-12-20
WEB-SMART|Firefox.Setup.146.0.1.exe|2025-12-20
WEB-SMART|fraps-3.5.99-setup.exe|2025-12-20
WEB-SMART|qbittorrent_5.1.4_x64_setup.exe|2025-12-20
WEB-SMART|hwi64_834.exe|2025-12-20
WEB-HASH|SteamSetup.exe|7d3654531c32d941b8cae81c4137fc542172bfa9635f169cb392f245a0a12bcb|2025-12-20
WEB-HASH|openvpn-connect-v3-windows.msi|cc741664d07fd4eedc98103edb86b791d290640a969c288c3d1cb2d0b6de98ce|2025-12-20
